[2023-05-05 13:53:27] local.ERROR: Command "run" is not defined.

Did you mean one of these?
    cache:prune-stale-tags
    model:prune
    queue:prune-batches
    queue:prune-failed
    sanctum:prune-expired
    schedule:run {"exception":"[object] (Symfony\\Component\\Console\\Exception\\CommandNotFoundException(code: 0): Command \"run\" is not defined.

Did you mean one of these?
    cache:prune-stale-tags
    model:prune
    queue:prune-batches
    queue:prune-failed
    sanctum:prune-expired
    schedule:run at C:\\Users\\Ramar\\Desktop\\curso-vue-3\\backend\\vendor\\symfony\\console\\Application.php:702)
[stacktrace]
#0 C:\\Users\\Ramar\\Desktop\\curso-vue-3\\backend\\vendor\\symfony\\console\\Application.php(256): Symfony\\Component\\Console\\Application->find('run')
#1 C:\\Users\\Ramar\\Desktop\\curso-vue-3\\backend\\vendor\\symfony\\console\\Application.php(168): Symfony\\Component\\Console\\Application->doRun(Object(Symfony\\Component\\Console\\Input\\ArgvInput), Object(Symfony\\Component\\Console\\Output\\ConsoleOutput))
#2 C:\\Users\\Ramar\\Desktop\\curso-vue-3\\backend\\vendor\\laravel\\framework\\src\\Illuminate\\Foundation\\Console\\Kernel.php(200): Symfony\\Component\\Console\\Application->run(Object(Symfony\\Component\\Console\\Input\\ArgvInput), Object(Symfony\\Component\\Console\\Output\\ConsoleOutput))
#3 C:\\Users\\Ramar\\Desktop\\curso-vue-3\\backend\\artisan(37): Illuminate\\Foundation\\Console\\Kernel->handle(Object(Symfony\\Component\\Console\\Input\\ArgvInput), Object(Symfony\\Component\\Console\\Output\\ConsoleOutput))
#4 {main}
"} 
[2023-05-05 13:57:35] local.ERROR: Command "migrate:" is ambiguous.
Did you mean one of these?
    migrate:fresh    Drop all tables and re-run all migrations
    migrate:install  Create the migration repository
    migrate:refresh  Reset and re-run all migrations
    migrate:reset    Rollback all database migrations
    migrate:rollback Rollback the last database migration
    migrate:status   Show the status of each migration. {"exception":"[object] (Symfony\\Component\\Console\\Exception\\CommandNotFoundException(code: 0): Command \"migrate:\" is ambiguous.
Did you mean one of these?
    migrate:fresh    Drop all tables and re-run all migrations
    migrate:install  Create the migration repository
    migrate:refresh  Reset and re-run all migrations
    migrate:reset    Rollback all database migrations
    migrate:rollback Rollback the last database migration
    migrate:status   Show the status of each migration. at C:\\Users\\Ramar\\Desktop\\curso-vue-3\\backend\\vendor\\symfony\\console\\Application.php:743)
[stacktrace]
#0 C:\\Users\\Ramar\\Desktop\\curso-vue-3\\backend\\vendor\\symfony\\console\\Application.php(256): Symfony\\Component\\Console\\Application->find('migrate:')
#1 C:\\Users\\Ramar\\Desktop\\curso-vue-3\\backend\\vendor\\symfony\\console\\Application.php(168): Symfony\\Component\\Console\\Application->doRun(Object(Symfony\\Component\\Console\\Input\\ArgvInput), Object(Symfony\\Component\\Console\\Output\\ConsoleOutput))
#2 C:\\Users\\Ramar\\Desktop\\curso-vue-3\\backend\\vendor\\laravel\\framework\\src\\Illuminate\\Foundation\\Console\\Kernel.php(200): Symfony\\Component\\Console\\Application->run(Object(Symfony\\Component\\Console\\Input\\ArgvInput), Object(Symfony\\Component\\Console\\Output\\ConsoleOutput))
#3 C:\\Users\\Ramar\\Desktop\\curso-vue-3\\backend\\artisan(37): Illuminate\\Foundation\\Console\\Kernel->handle(Object(Symfony\\Component\\Console\\Input\\ArgvInput), Object(Symfony\\Component\\Console\\Output\\ConsoleOutput))
#4 {main}
"} 
